#
# A fatal error has been detected by the Java Runtime Environment:
#
#  SIGBUS (0x7) at pc=0x00007f42302175c4, pid=6129, tid=0x00007f4230f08700
#
# JRE version: OpenJDK Runtime Environment (8.0_172-b11) (build 1.8.0_172-b11)
# Java VM: OpenJDK 64-Bit Server VM (25.172-b11 mixed mode linux-amd64 compressed oops)
# Problematic frame:
# C  [libc.so.6+0x1425c4]  __memmove_ssse3_back+0x1db4
#
# Core dump written. Default location: /home/karen/eclipse-workspace/DigitalImageProcessing/core or core.6129
#
# If you would like to submit a bug report, please visit:
#   http://bugreport.java.com/bugreport/crash.jsp
#

---------------  T H R E A D  ---------------

Current thread (0x00007f422800a800):  JavaThread "main" [_thread_in_vm, id=6134, stack(0x00007f4230e09000,0x00007f4230f09000)]

siginfo: si_signo: 7 (SIGBUS), si_code: 2 (BUS_ADRERR), si_addr: 0x00007f422c00503f

Registers:
RAX=0x000000076fd23f60, RBX=0x00007f422800a800, RCX=0x000000076fd23f60, RDX=0x00007f42302175c4
RSP=0x00007f4230f06ce8, RBP=0x00007f4230f06d30, RSI=0x00007f422c00509c, RDI=0x000000076fd23fbd
R8 =0x00007f4230f06e10, R9 =0x0000000000000010, R10=0x00007f4219017d9b, R11=0x00007f423025cce0
R12=0x000000000000005d, R13=0x00007f4230f06e10, R14=0x0000000000000010, R15=0x0000000000000000
RIP=0x00007f42302175c4, EFLAGS=0x0000000000010206, CSGSFS=0x002b000000000033, ERR=0x0000000000000004
  TRAPNO=0x000000000000000e

Top of Stack: (sp=0x00007f4230f06ce8)
0x00007f4230f06ce8:   00007f422fbb8a77 00007f4230f06d80
0x00007f4230f06cf8:   00007f422c00503f 00007f4218d462f0
0x00007f4230f06d08:   00007f421887fce8 0000000000000000
0x00007f4230f06d18:   00007f421887fce8 00007f4230f06e30
0x00007f4230f06d28:   00007f422800a800 00007f4230f06dd0
0x00007f4230f06d38:   00007f4219017dc7 000000000000005d
0x00007f4230f06d48:   00000007c008ccf0 00007f4230f06db0
0x00007f4230f06d58:   00007f422800a800 00007f4230f06dd0
0x00007f4230f06d68:   00000007c008fec0 00007f4230f06f00
0x00007f4230f06d78:   00007f422f8eac65 00007f4230f06f00
0x00007f4230f06d88:   00007f422f8eaaa1 00007f4230f06d90
0x00007f4230f06d98:   0000000000000000 00007f4230f06e30
0x00007f4230f06da8:   00007f42188ad308 0000000000000000
0x00007f4230f06db8:   00007f421887fce8 0000000000000000
0x00007f4230f06dc8:   00007f4230f06df0 00007f4230f06e78
0x00007f4230f06dd8:   00007f4219007ffd 0000000000000000
0x00007f4230f06de8:   00007f4219011a58 000000000000005d
0x00007f4230f06df8:   00007f422f8eac65 0000000000000010
0x00007f4230f06e08:   00007f422f8eaaa1 000000076fd23f50
0x00007f4230f06e18:   00007f422c00503f 00007f4230f06e50
0x00007f4230f06e28:   0000000000000000 000000076ef089a8
0x00007f4230f06e38:   00007f4230f06e38 00007f4218960012
0x00007f4230f06e48:   00007f4230f06ee8 00007f42189608a0
0x00007f4230f06e58:   0000000000000000 00007f4218960040
0x00007f4230f06e68:   00007f4230f06df0 00007f4230f06ea8
0x00007f4230f06e78:   00007f4230f06f30 00007f4219007ffd
0x00007f4230f06e88:   000000000000005d 0000000000000000
0x00007f4230f06e98:   0000000000000010 0000000000000000
0x00007f4230f06ea8:   000000000000005d 0000000000000000
0x00007f4230f06eb8:   0000000000000000 0000000000000000
0x00007f4230f06ec8:   0000000000000010 00007f4230f06f30
0x00007f4230f06ed8:   000000076fd23f50 00007f422c00503f 

Instructions: (pc=0x00007f42302175c4)
0x00007f42302175a4:   73 ff ff ff f3 0f 7f 87 73 ff ff ff f2 0f f0 46
0x00007f42302175b4:   83 f3 0f 7f 47 83 f2 0f f0 46 93 f3 0f 7f 47 93
0x00007f42302175c4:   f2 0f f0 46 a3 f3 0f 7f 47 a3 f2 0f f0 46 b3 f3
0x00007f42302175d4:   0f 7f 47 b3 f2 0f f0 46 c3 f3 0f 7f 47 c3 f2 0f 

Register to memory mapping:

RAX=0x000000076fd23f60 is an oop
