#
# A fatal error has been detected by the Java Runtime Environment:
#
#  SIGBUS (0x7) at pc=0x00007fca0f7475c4, pid=6179, tid=0x00007fca10436700
#
# JRE version: OpenJDK Runtime Environment (8.0_172-b11) (build 1.8.0_172-b11)
# Java VM: OpenJDK 64-Bit Server VM (25.172-b11 mixed mode linux-amd64 compressed oops)
# Problematic frame:
# C  [libc.so.6+0x1425c4]  __memmove_ssse3_back+0x1db4
#
# Core dump written. Default location: /home/karen/eclipse-workspace/DigitalImageProcessing/core or core.6179
#
# If you would like to submit a bug report, please visit:
#   http://bugreport.java.com/bugreport/crash.jsp
#

---------------  T H R E A D  ---------------

Current thread (0x00007fca0800a800):  JavaThread "main" [_thread_in_vm, id=6184, stack(0x00007fca10337000,0x00007fca10437000)]

siginfo: si_signo: 7 (SIGBUS), si_code: 2 (BUS_ADRERR), si_addr: 0x00007fc9f22f503f

Registers:
RAX=0x000000076fd24390, RBX=0x00007fca0800a800, RCX=0x000000076fd24390, RDX=0x00007fca0f7475c4
RSP=0x00007fca10434ce8, RBP=0x00007fca10434d30, RSI=0x00007fc9f22f509c, RDI=0x000000076fd243ed
R8 =0x00007fca10434e10, R9 =0x0000000000000010, R10=0x00007fc9f9017d9b, R11=0x00007fca0f78cce0
R12=0x000000000000005d, R13=0x00007fca10434e10, R14=0x0000000000000010, R15=0x0000000000000000
RIP=0x00007fca0f7475c4, EFLAGS=0x0000000000010206, CSGSFS=0x002b000000000033, ERR=0x0000000000000004
  TRAPNO=0x000000000000000e

Top of Stack: (sp=0x00007fca10434ce8)
0x00007fca10434ce8:   00007fca0f0e8a77 00007fca10434d80
0x00007fca10434cf8:   00007fc9f22f503f 00007fc9f85ac2f0
0x00007fca10434d08:   00007fc9f80e5ce8 0000000000000000
0x00007fca10434d18:   00007fc9f80e5ce8 00007fca10434e30
0x00007fca10434d28:   00007fca0800a800 00007fca10434dd0
0x00007fca10434d38:   00007fc9f9017dc7 000000000000005d
0x00007fca10434d48:   00000007c008ccf0 00007fca10434db0
0x00007fca10434d58:   00007fca0800a800 00007fca10434dd0
0x00007fca10434d68:   00000007c008fec0 00007fca10434f00
0x00007fca10434d78:   00007fca0ee1ac65 00007fca10434f00
0x00007fca10434d88:   00007fca0ee1aaa1 00007fca10434d90
0x00007fca10434d98:   0000000000000000 00007fca10434e30
0x00007fca10434da8:   00007fc9f8113308 0000000000000000
0x00007fca10434db8:   00007fc9f80e5ce8 0000000000000000
0x00007fca10434dc8:   00007fca10434df0 00007fca10434e78
0x00007fca10434dd8:   00007fc9f9007ffd 0000000000000000
0x00007fca10434de8:   00007fc9f9011a58 000000000000005d
0x00007fca10434df8:   00007fca0ee1ac65 0000000000000010
0x00007fca10434e08:   00007fca0ee1aaa1 000000076fd24380
0x00007fca10434e18:   00007fc9f22f503f 00007fca10434e50
0x00007fca10434e28:   0000000000000000 000000076ef089a8
0x00007fca10434e38:   00007fca10434e38 00007fc9f81c6012
0x00007fca10434e48:   00007fca10434ee8 00007fc9f81c68a0
0x00007fca10434e58:   0000000000000000 00007fc9f81c6040
0x00007fca10434e68:   00007fca10434df0 00007fca10434ea8
0x00007fca10434e78:   00007fca10434f30 00007fc9f9007ffd
0x00007fca10434e88:   000000000000005d 0000000000000000
0x00007fca10434e98:   0000000000000010 0000000000000000
0x00007fca10434ea8:   000000000000005d 0000000000000000
0x00007fca10434eb8:   0000000000000000 0000000000000000
0x00007fca10434ec8:   0000000000000010 00007fca10434f30
0x00007fca10434ed8:   000000076fd24380 00007fc9f22f503f 

Instructions: (pc=0x00007fca0f7475c4)
0x00007fca0f7475a4:   73 ff ff ff f3 0f 7f 87 73 ff ff ff f2 0f f0 46
0x00007fca0f7475b4:   83 f3 0f 7f 47 83 f2 0f f0 46 93 f3 0f 7f 47 93
0x00007fca0f7475c4:   f2 0f f0 46 a3 f3 0f 7f 47 a3 f2 0f f0 46 b3 f3
0x00007fca0f7475d4:   0f 7f 47 b3 f2 0f f0 46 c3 f3 0f 7f 47 c3 f2 0f 

Register to memory mapping:

RAX=0x000000076fd24390 is an oop
