#
# A fatal error has been detected by the Java Runtime Environment:
#
#  SIGBUS (0x7) at pc=0x00007f198f2a75c4, pid=7306, tid=0x00007f198ff94700
#
# JRE version: OpenJDK Runtime Environment (8.0_172-b11) (build 1.8.0_172-b11)
# Java VM: OpenJDK 64-Bit Server VM (25.172-b11 mixed mode linux-amd64 compressed oops)
# Problematic frame:
# C  [libc.so.6+0x1425c4]  __memmove_ssse3_back+0x1db4
#
# Core dump written. Default location: /home/karen/eclipse-workspace/DigitalImageProcessing/core or core.7306
#
# If you would like to submit a bug report, please visit:
#   http://bugreport.java.com/bugreport/crash.jsp
#

---------------  T H R E A D  ---------------

Current thread (0x00007f198800a800):  JavaThread "main" [_thread_in_vm, id=7311, stack(0x00007f198fe95000,0x00007f198ff95000)]

siginfo: si_signo: 7 (SIGBUS), si_code: 2 (BUS_ADRERR), si_addr: 0x00007f197800503f

Registers:
RAX=0x000000076fd221c8, RBX=0x00007f198800a800, RCX=0x000000076fd221c8, RDX=0x00007f198f2a75c4
RSP=0x00007f198ff92ce8, RBP=0x00007f198ff92d30, RSI=0x00007f197800509c, RDI=0x000000076fd22225
R8 =0x00007f198ff92e10, R9 =0x0000000000000010, R10=0x00007f1979017d9b, R11=0x00007f198f2ecce0
R12=0x000000000000005d, R13=0x00007f198ff92e10, R14=0x0000000000000010, R15=0x0000000000000000
RIP=0x00007f198f2a75c4, EFLAGS=0x0000000000010212, CSGSFS=0x002b000000000033, ERR=0x0000000000000004
  TRAPNO=0x000000000000000e

Top of Stack: (sp=0x00007f198ff92ce8)
0x00007f198ff92ce8:   00007f198ec48a77 00007f198ff92d80
0x00007f198ff92cf8:   00007f197800503f 00007f1973d462f0
0x00007f198ff92d08:   00007f197387fce8 0000000000000000
0x00007f198ff92d18:   00007f197387fce8 00007f198ff92e30
0x00007f198ff92d28:   00007f198800a800 00007f198ff92dd0
0x00007f198ff92d38:   00007f1979017dc7 000000000000005d
0x00007f198ff92d48:   00000007c008cb78 00007f198ff92db0
0x00007f198ff92d58:   00007f198800a800 00007f198ff92dd0
0x00007f198ff92d68:   00000007c008fd48 00007f198ff92f00
0x00007f198ff92d78:   00007f198e97ac65 00007f198ff92f00
0x00007f198ff92d88:   00007f198e97aaa1 00007f198ff92d90
0x00007f198ff92d98:   0000000000000000 00007f198ff92e30
0x00007f198ff92da8:   00007f19738ad308 0000000000000000
0x00007f198ff92db8:   00007f197387fce8 0000000000000000
0x00007f198ff92dc8:   00007f198ff92df0 00007f198ff92e78
0x00007f198ff92dd8:   00007f1979007ffd 0000000000000000
0x00007f198ff92de8:   00007f1979011a58 000000000000005d
0x00007f198ff92df8:   00007f198e97ac65 0000000000000010
0x00007f198ff92e08:   00007f198e97aaa1 000000076fd221b8
0x00007f198ff92e18:   00007f197800503f 00007f198ff92e50
0x00007f198ff92e28:   0000000000000000 000000076ef089a8
0x00007f198ff92e38:   00007f198ff92e38 00007f1973960012
0x00007f198ff92e48:   00007f198ff92ee8 00007f19739608a0
0x00007f198ff92e58:   0000000000000000 00007f1973960040
0x00007f198ff92e68:   00007f198ff92df0 00007f198ff92ea8
0x00007f198ff92e78:   00007f198ff92f30 00007f1979007ffd
0x00007f198ff92e88:   000000000000005d 0000000000000000
0x00007f198ff92e98:   0000000000000010 0000000000000000
0x00007f198ff92ea8:   000000000000005d 0000000000000000
0x00007f198ff92eb8:   0000000000000000 0000000000000000
0x00007f198ff92ec8:   0000000000000010 00007f198ff92f30
0x00007f198ff92ed8:   000000076fd221b8 00007f197800503f 

Instructions: (pc=0x00007f198f2a75c4)
0x00007f198f2a75a4:   73 ff ff ff f3 0f 7f 87 73 ff ff ff f2 0f f0 46
0x00007f198f2a75b4:   83 f3 0f 7f 47 83 f2 0f f0 46 93 f3 0f 7f 47 93
0x00007f198f2a75c4:   f2 0f f0 46 a3 f3 0f 7f 47 a3 f2 0f f0 46 b3 f3
0x00007f198f2a75d4:   0f 7f 47 b3 f2 0f f0 46 c3 f3 0f 7f 47 c3 f2 0f 

Register to memory mapping:

RAX=0x000000076fd221c8 is an oop
