#
# A fatal error has been detected by the Java Runtime Environment:
#
#  SIGBUS (0x7) at pc=0x00007fecbf6b75c4, pid=6309, tid=0x00007fecc03a8700
#
# JRE version: OpenJDK Runtime Environment (8.0_172-b11) (build 1.8.0_172-b11)
# Java VM: OpenJDK 64-Bit Server VM (25.172-b11 mixed mode linux-amd64 compressed oops)
# Problematic frame:
# C  [libc.so.6+0x1425c4]  __memmove_ssse3_back+0x1db4
#
# Core dump written. Default location: /home/karen/eclipse-workspace/DigitalImageProcessing/core or core.6309
#
# If you would like to submit a bug report, please visit:
#   http://bugreport.java.com/bugreport/crash.jsp
#

---------------  T H R E A D  ---------------

Current thread (0x00007fecb800a800):  JavaThread "main" [_thread_in_vm, id=6315, stack(0x00007fecc02a9000,0x00007fecc03a9000)]

siginfo: si_signo: 7 (SIGBUS), si_code: 2 (BUS_ADRERR), si_addr: 0x00007fecbc00503f

Registers:
RAX=0x000000076fd24440, RBX=0x00007fecb800a800, RCX=0x000000076fd24440, RDX=0x00007fecbf6b75c4
RSP=0x00007fecc03a6ce8, RBP=0x00007fecc03a6d30, RSI=0x00007fecbc00509c, RDI=0x000000076fd2449d
R8 =0x00007fecc03a6e10, R9 =0x0000000000000010, R10=0x00007feca9017d9b, R11=0x00007fecbf6fcce0
R12=0x000000000000005d, R13=0x00007fecc03a6e10, R14=0x0000000000000010, R15=0x0000000000000000
RIP=0x00007fecbf6b75c4, EFLAGS=0x0000000000010202, CSGSFS=0x002b000000000033, ERR=0x0000000000000004
  TRAPNO=0x000000000000000e

Top of Stack: (sp=0x00007fecc03a6ce8)
0x00007fecc03a6ce8:   00007fecbf058a77 00007fecc03a6d80
0x00007fecc03a6cf8:   00007fecbc00503f 00007feca85ac2f0
0x00007fecc03a6d08:   00007feca80e5ce8 0000000000000000
0x00007fecc03a6d18:   00007feca80e5ce8 00007fecc03a6e30
0x00007fecc03a6d28:   00007fecb800a800 00007fecc03a6dd0
0x00007fecc03a6d38:   00007feca9017dc7 000000000000005d
0x00007fecc03a6d48:   00000007c008ccc0 00007fecc03a6db0
0x00007fecc03a6d58:   00007fecb800a800 00007fecc03a6dd0
0x00007fecc03a6d68:   00000007c008fe90 00007fecc03a6f00
0x00007fecc03a6d78:   00007fecbed8ac65 00007fecc03a6f00
0x00007fecc03a6d88:   00007fecbed8aaa1 00007fecc03a6d90
0x00007fecc03a6d98:   0000000000000000 00007fecc03a6e30
0x00007fecc03a6da8:   00007feca8113308 0000000000000000
0x00007fecc03a6db8:   00007feca80e5ce8 0000000000000000
0x00007fecc03a6dc8:   00007fecc03a6df0 00007fecc03a6e78
0x00007fecc03a6dd8:   00007feca9007ffd 0000000000000000
0x00007fecc03a6de8:   00007feca9011a58 000000000000005d
0x00007fecc03a6df8:   00007fecbed8ac65 0000000000000010
0x00007fecc03a6e08:   00007fecbed8aaa1 000000076fd24430
0x00007fecc03a6e18:   00007fecbc00503f 00007fecc03a6e50
0x00007fecc03a6e28:   0000000000000000 000000076ef089a8
0x00007fecc03a6e38:   00007fecc03a6e38 00007feca81c6012
0x00007fecc03a6e48:   00007fecc03a6ee8 00007feca81c68a0
0x00007fecc03a6e58:   0000000000000000 00007feca81c6040
0x00007fecc03a6e68:   00007fecc03a6df0 00007fecc03a6ea8
0x00007fecc03a6e78:   00007fecc03a6f30 00007feca9007ffd
0x00007fecc03a6e88:   000000000000005d 0000000000000000
0x00007fecc03a6e98:   0000000000000010 0000000000000000
0x00007fecc03a6ea8:   000000000000005d 0000000000000000
0x00007fecc03a6eb8:   0000000000000000 0000000000000000
0x00007fecc03a6ec8:   0000000000000010 00007fecc03a6f30
0x00007fecc03a6ed8:   000000076fd24430 00007fecbc00503f 

Instructions: (pc=0x00007fecbf6b75c4)
0x00007fecbf6b75a4:   73 ff ff ff f3 0f 7f 87 73 ff ff ff f2 0f f0 46
0x00007fecbf6b75b4:   83 f3 0f 7f 47 83 f2 0f f0 46 93 f3 0f 7f 47 93
0x00007fecbf6b75c4:   f2 0f f0 46 a3 f3 0f 7f 47 a3 f2 0f f0 46 b3 f3
0x00007fecbf6b75d4:   0f 7f 47 b3 f2 0f f0 46 c3 f3 0f 7f 47 c3 f2 0f 

Register to memory mapping:

RAX=0x000000076fd24440 is an oop
